nohup: ignoring input
Running from: /usr/share/jenkins/jenkins.war
webroot: /var/jenkins_home/war
2026-03-31 06:39:35.417+0000 [id=1]	INFO	winstone.Logger#logInternal: Beginning extraction from war file
2026-03-31 06:39:35.647+0000 [id=1]	WARNING	o.e.j.ee9.nested.ContextHandler#setContextPath: Empty contextPath
2026-03-31 06:39:35.853+0000 [id=1]	INFO	org.eclipse.jetty.server.Server#doStart: jetty-12.1.5; built: 2025-12-03T22:18:24.732Z; git: 4905d09d7b6801e792d7b73946cf7b66e4be25d6; jvm 21.0.9+10-LTS
2026-03-31 06:39:38.156+0000 [id=1]	INFO	o.e.j.e.w.StandardDescriptorProcessor#visitServlet: NO JSP Support for /, did not find org.eclipse.jetty.ee9.jsp.JettyJspServlet
2026-03-31 06:39:38.689+0000 [id=1]	INFO	o.e.j.s.DefaultSessionIdManager#doStart: Session workerName=node0
2026-03-31 06:39:40.451+0000 [id=1]	INFO	hudson.WebAppMain#contextInitialized: Jenkins home directory: /var/jenkins_home found at: EnvVars.masterEnvVars.get("JENKINS_HOME")
2026-03-31 06:39:40.923+0000 [id=1]	INFO	o.e.j.s.handler.ContextHandler#doStart: Started oeje9n.ContextHandler$CoreContextHandler@6d91790b{Jenkins v2.541.3,/,b=file:///var/jenkins_home/war/,a=AVAILABLE,h=oeje9n.ContextHandler$CoreContextHandler$CoreToNestedHandler@6e6fce47{STARTED}}
2026-03-31 06:39:41.029+0000 [id=1]	INFO	o.e.j.server.AbstractConnector#doStart: Started oejs.ServerConnector@7fedfe27{HTTP/1.1, (http/1.1)}{0.0.0.0:8080}
2026-03-31 06:39:41.034+0000 [id=1]	INFO	org.eclipse.jetty.server.Server#doStart: Started oejs.Server@46c00568{STARTING}[12.1.5,sto=0] @5189ms
2026-03-31 06:39:41.043+0000 [id=31]	INFO	winstone.Logger#logInternal: Winstone Servlet Engine running: controlPort=disabled
2026-03-31 06:39:41.433+0000 [id=30]	INFO	jenkins.model.Jenkins#<init>: Starting version 2.541.3
2026-03-31 06:39:41.700+0000 [id=38]	INFO	jenkins.InitReactorRunner$1#onAttained: Started initialization
2026-03-31 06:39:42.369+0000 [id=38]	INFO	jenkins.InitReactorRunner$1#onAttained: Listed all plugins
2026-03-31 06:39:55.283+0000 [id=37]	INFO	jenkins.InitReactorRunner$1#onAttained: Prepared all plugins
2026-03-31 06:39:55.437+0000 [id=38]	INFO	jenkins.InitReactorRunner$1#onAttained: Started all plugins
2026-03-31 06:39:55.468+0000 [id=36]	INFO	jenkins.InitReactorRunner$1#onAttained: Augmented all extensions
2026-03-31 06:39:59.378+0000 [id=36]	INFO	jenkins.InitReactorRunner$1#onAttained: System config loaded
2026-03-31 06:39:59.386+0000 [id=36]	INFO	jenkins.InitReactorRunner$1#onAttained: System config adapted
2026-03-31 06:39:59.388+0000 [id=36]	INFO	jenkins.InitReactorRunner$1#onAttained: Loaded all jobs
2026-03-31 06:39:59.470+0000 [id=36]	INFO	jenkins.InitReactorRunner$1#onAttained: Configuration for all jobs updated
2026-03-31 06:39:59.720+0000 [id=37]	INFO	jenkins.install.SetupWizard#init: 
[LF]> 
[LF]> *************************************************************
[LF]> *************************************************************
[LF]> *************************************************************
[LF]> 
[LF]> Jenkins initial setup is required. An admin user has been created and a password generated.
[LF]> Please use the following password to proceed to installation:
[LF]> 
[LF]> 17f7855fa1764c7ca34d57ddb64a54af
[LF]> 
[LF]> This may also be found at: /var/jenkins_home/secrets/initialAdminPassword
[LF]> 
[LF]> *************************************************************
[LF]> *************************************************************
[LF]> *************************************************************

2026-03-31 06:41:23.765+0000 [id=36]	INFO	jenkins.InitReactorRunner$1#onAttained: Completed initialization
2026-03-31 06:41:23.983+0000 [id=30]	INFO	hudson.lifecycle.Lifecycle#onReady: Jenkins is fully up and running
2026-03-31 06:52:35.154+0000 [id=23]	INFO	hudson.PluginManager#install: Starting installation of a batch of 19 plugins plus their dependencies
2026-03-31 06:52:35.172+0000 [id=87]	INFO	h.model.UpdateCenter$DownloadJob#run: Starting the installation of build-timeout on behalf of admin
2026-03-31 06:52:35.179+0000 [id=23]	INFO	hudson.model.UpdateSite$Plugin#deploy: Adding dependent install of matrix-project for plugin ws-cleanup
2026-03-31 06:52:35.184+0000 [id=87]	INFO	h.m.UpdateCenter$UpdateCenterConfiguration#download: Downloading build-timeout
2026-03-31 06:52:35.185+0000 [id=23]	INFO	hudson.model.UpdateSite$Plugin#deploy: Adding dependent install of resource-disposer for plugin ws-cleanup
2026-03-31 06:52:35.210+0000 [id=23]	INFO	hudson.model.UpdateSite$Plugin#deploy: Adding dependent install of metrics for plugin pipeline-graph-view
2026-03-31 06:52:35.215+0000 [id=23]	INFO	hudson.model.UpdateSite$Plugin#deploy: Adding dependent install of trilead-api for plugin ssh-slaves
2026-03-31 06:52:35.217+0000 [id=23]	INFO	hudson.model.UpdateSite$Plugin#deploy: Adding dependent install of eddsa-api for plugin trilead-api
2026-03-31 06:52:35.220+0000 [id=23]	INFO	hudson.model.UpdateSite$Plugin#deploy: Adding dependent install of jsoup for plugin email-ext
2026-03-31 06:52:35.223+0000 [id=23]	INFO	hudson.model.UpdateSite$Plugin#deploy: Adding dependent install of theme-manager for plugin dark-theme
2026-03-31 06:52:40.441+0000 [id=87]	INFO	h.model.UpdateCenter$DownloadJob#run: Installation successful: build-timeout
2026-03-31 06:52:40.444+0000 [id=87]	INFO	h.model.UpdateCenter$DownloadJob#run: Starting the installation of timestamper on behalf of admin
2026-03-31 06:52:40.446+0000 [id=87]	INFO	h.m.UpdateCenter$UpdateCenterConfiguration#download: Downloading timestamper
2026-03-31 06:52:43.593+0000 [id=87]	INFO	h.model.UpdateCenter$DownloadJob#run: Installation successful: timestamper
2026-03-31 06:52:43.594+0000 [id=87]	INFO	h.model.UpdateCenter$DownloadJob#run: Starting the installation of matrix-project on behalf of admin
2026-03-31 06:52:43.655+0000 [id=87]	INFO	h.model.UpdateCenter$DownloadJob#run: Installation successful: matrix-project
2026-03-31 06:52:43.657+0000 [id=87]	INFO	h.model.UpdateCenter$DownloadJob#run: Starting the installation of resource-disposer on behalf of admin
2026-03-31 06:52:43.658+0000 [id=87]	INFO	h.m.UpdateCenter$UpdateCenterConfiguration#download: Downloading resource-disposer
2026-03-31 06:52:44.719+0000 [id=87]	INFO	h.model.UpdateCenter$DownloadJob#run: Installation successful: resource-disposer
2026-03-31 06:52:44.719+0000 [id=87]	INFO	h.model.UpdateCenter$DownloadJob#run: Starting the installation of ws-cleanup on behalf of admin
2026-03-31 06:52:44.720+0000 [id=87]	INFO	h.m.UpdateCenter$UpdateCenterConfiguration#download: Downloading ws-cleanup
2026-03-31 06:52:46.008+0000 [id=87]	INFO	h.model.UpdateCenter$DownloadJob#run: Installation successful: ws-cleanup
2026-03-31 06:52:46.009+0000 [id=87]	INFO	h.model.UpdateCenter$DownloadJob#run: Starting the installation of ant on behalf of admin
2026-03-31 06:52:46.010+0000 [id=87]	INFO	h.m.UpdateCenter$UpdateCenterConfiguration#download: Downloading ant
2026-03-31 06:52:47.734+0000 [id=87]	INFO	h.model.UpdateCenter$DownloadJob#run: Installation successful: ant
2026-03-31 06:52:47.734+0000 [id=87]	INFO	h.model.UpdateCenter$DownloadJob#run: Starting the installation of gradle on behalf of admin
2026-03-31 06:52:47.737+0000 [id=87]	INFO	h.m.UpdateCenter$UpdateCenterConfiguration#download: Downloading gradle
2026-03-31 06:53:10.477+0000 [id=87]	INFO	h.model.UpdateCenter$DownloadJob#run: Installation successful: gradle
2026-03-31 06:53:10.480+0000 [id=87]	INFO	h.model.UpdateCenter$DownloadJob#run: Starting the installation of workflow-aggregator on behalf of admin
2026-03-31 06:53:10.482+0000 [id=87]	INFO	h.m.UpdateCenter$UpdateCenterConfiguration#download: Downloading workflow-aggregator
2026-03-31 06:53:11.534+0000 [id=87]	INFO	h.model.UpdateCenter$DownloadJob#run: Installation successful: workflow-aggregator
2026-03-31 06:53:11.535+0000 [id=87]	INFO	h.model.UpdateCenter$DownloadJob#run: Starting the installation of pipeline-github-lib on behalf of admin
2026-03-31 06:53:11.538+0000 [id=87]	INFO	h.m.UpdateCenter$UpdateCenterConfiguration#download: Downloading pipeline-github-lib
2026-03-31 06:53:12.707+0000 [id=87]	INFO	h.model.UpdateCenter$DownloadJob#run: Installation successful: pipeline-github-lib
2026-03-31 06:53:12.708+0000 [id=87]	INFO	h.model.UpdateCenter$DownloadJob#run: Starting the installation of metrics on behalf of admin
2026-03-31 06:53:12.711+0000 [id=87]	INFO	h.m.UpdateCenter$UpdateCenterConfiguration#download: Downloading metrics
2026-03-31 06:53:19.951+0000 [id=87]	INFO	h.model.UpdateCenter$DownloadJob#run: Installation successful: metrics
2026-03-31 06:53:19.955+0000 [id=87]	INFO	h.model.UpdateCenter$DownloadJob#run: Starting the installation of pipeline-graph-view on behalf of admin
2026-03-31 06:53:19.956+0000 [id=87]	INFO	h.m.UpdateCenter$UpdateCenterConfiguration#download: Downloading pipeline-graph-view
2026-03-31 06:53:35.897+0000 [id=87]	INFO	h.model.UpdateCenter$DownloadJob#run: Installation successful: pipeline-graph-view
2026-03-31 06:53:35.909+0000 [id=87]	INFO	h.model.UpdateCenter$DownloadJob#run: Starting the installation of eddsa-api on behalf of admin
2026-03-31 06:53:35.922+0000 [id=87]	INFO	h.m.UpdateCenter$UpdateCenterConfiguration#download: Downloading eddsa-api
2026-03-31 06:53:37.900+0000 [id=87]	INFO	h.model.UpdateCenter$DownloadJob#run: Installation successful: eddsa-api
2026-03-31 06:53:37.901+0000 [id=87]	INFO	h.model.UpdateCenter$DownloadJob#run: Starting the installation of trilead-api on behalf of admin
2026-03-31 06:53:37.961+0000 [id=87]	INFO	h.m.UpdateCenter$UpdateCenterConfiguration#download: Downloading trilead-api
2026-03-31 06:54:28.691+0000 [id=87]	INFO	h.model.UpdateCenter$DownloadJob#run: Installation successful: trilead-api
2026-03-31 06:54:28.692+0000 [id=87]	INFO	h.model.UpdateCenter$DownloadJob#run: Starting the installation of ssh-slaves on behalf of admin
2026-03-31 06:54:28.693+0000 [id=87]	INFO	h.m.UpdateCenter$UpdateCenterConfiguration#download: Downloading ssh-slaves
2026-03-31 06:54:30.944+0000 [id=87]	INFO	h.model.UpdateCenter$DownloadJob#run: Installation successful: ssh-slaves
2026-03-31 06:54:30.945+0000 [id=87]	INFO	h.model.UpdateCenter$DownloadJob#run: Starting the installation of matrix-auth on behalf of admin
2026-03-31 06:54:30.970+0000 [id=87]	INFO	h.model.UpdateCenter$DownloadJob#run: Installation successful: matrix-auth
2026-03-31 06:54:30.971+0000 [id=87]	INFO	h.model.UpdateCenter$DownloadJob#run: Starting the installation of ldap on behalf of admin
2026-03-31 06:54:30.974+0000 [id=87]	INFO	h.m.UpdateCenter$UpdateCenterConfiguration#download: Downloading ldap
2026-03-31 06:55:28.305+0000 [id=87]	INFO	h.model.UpdateCenter$DownloadJob#run: Installation successful: ldap
2026-03-31 06:55:28.311+0000 [id=87]	INFO	h.model.UpdateCenter$DownloadJob#run: Starting the installation of jsoup on behalf of admin
2026-03-31 06:55:28.317+0000 [id=87]	INFO	h.m.UpdateCenter$UpdateCenterConfiguration#download: Downloading jsoup
2026-03-31 06:55:42.612+0000 [id=87]	INFO	h.model.UpdateCenter$DownloadJob#run: Installation successful: jsoup
2026-03-31 06:55:42.613+0000 [id=87]	INFO	h.model.UpdateCenter$DownloadJob#run: Starting the installation of email-ext on behalf of admin
2026-03-31 06:55:42.618+0000 [id=87]	INFO	h.m.UpdateCenter$UpdateCenterConfiguration#download: Downloading email-ext
2026-03-31 06:55:53.328+0000 [id=87]	INFO	h.model.UpdateCenter$DownloadJob#run: Installation successful: email-ext
2026-03-31 06:55:53.333+0000 [id=87]	INFO	h.model.UpdateCenter$DownloadJob#run: Starting the installation of theme-manager on behalf of admin
2026-03-31 06:55:53.336+0000 [id=87]	INFO	h.m.UpdateCenter$UpdateCenterConfiguration#download: Downloading theme-manager
2026-03-31 06:55:54.747+0000 [id=87]	INFO	h.model.UpdateCenter$DownloadJob#run: Installation successful: theme-manager
2026-03-31 06:55:54.749+0000 [id=87]	INFO	h.model.UpdateCenter$DownloadJob#run: Starting the installation of dark-theme on behalf of admin
2026-03-31 06:55:54.750+0000 [id=87]	INFO	h.m.UpdateCenter$UpdateCenterConfiguration#download: Downloading dark-theme
2026-03-31 06:55:55.960+0000 [id=87]	INFO	h.model.UpdateCenter$DownloadJob#run: Installation successful: dark-theme
2026-03-31 06:55:55.961+0000 [id=87]	INFO	h.m.UpdateCenter$CompleteBatchJob#run: Completing installing of plugin batch…
2026-03-31 06:55:55.976+0000 [id=87]	INFO	hudson.ClassicPluginStrategy#updateDependency: Updated dependency of blueocean-pipeline-api-impl
2026-03-31 06:55:55.978+0000 [id=87]	INFO	hudson.ClassicPluginStrategy#updateDependency: Updated dependency of git
2026-03-31 06:55:55.978+0000 [id=87]	INFO	hudson.ClassicPluginStrategy#updateDependency: Updated dependency of htmlpublisher
2026-03-31 06:55:55.979+0000 [id=87]	INFO	hudson.ClassicPluginStrategy#updateDependency: Updated dependency of mina-sshd-api-common
2026-03-31 06:55:55.981+0000 [id=87]	INFO	hudson.ClassicPluginStrategy#updateDependency: Updated dependency of ssh-credentials
2026-03-31 06:55:58.442+0000 [id=87]	INFO	h.p.b.g.GlobalTimeOutConfiguration#load: global timeout not set
2026-03-31 06:56:01.145+0000 [id=87]	INFO	h.m.DownloadService$Downloadable#load: Obtained the updated data file for hudson.tasks.Ant.AntInstaller
2026-03-31 06:56:04.519+0000 [id=87]	INFO	h.m.DownloadService$Downloadable#load: Obtained the updated data file for hudson.plugins.gradle.GradleInstaller
2026-03-31 06:56:04.804+0000 [id=138]	INFO	jenkins.InitReactorRunner$1#onAttained: Started initialization
2026-03-31 06:56:04.818+0000 [id=141]	INFO	jenkins.InitReactorRunner$1#onAttained: Listed all plugins
2026-03-31 06:56:04.819+0000 [id=141]	INFO	jenkins.InitReactorRunner$1#onAttained: Prepared all plugins
2026-03-31 06:56:04.821+0000 [id=141]	INFO	jenkins.InitReactorRunner$1#onAttained: Started all plugins
2026-03-31 06:56:04.823+0000 [id=141]	INFO	jenkins.InitReactorRunner$1#onAttained: Augmented all extensions
2026-03-31 06:56:04.830+0000 [id=139]	INFO	jenkins.InitReactorRunner$1#onAttained: System config loaded
2026-03-31 06:56:04.831+0000 [id=139]	INFO	jenkins.InitReactorRunner$1#onAttained: System config adapted
2026-03-31 06:56:04.963+0000 [id=139]	INFO	jenkins.InitReactorRunner$1#onAttained: Loaded all jobs
2026-03-31 06:56:04.983+0000 [id=139]	INFO	jenkins.InitReactorRunner$1#onAttained: Configuration for all jobs updated
2026-03-31 06:56:04.984+0000 [id=139]	INFO	jenkins.InitReactorRunner$1#onAttained: Completed initialization
2026-03-31 06:56:04.991+0000 [id=87]	INFO	h.m.UpdateCenter$CompleteBatchJob#run: Completed installation of 20 plugins in 3 min 29 sec
nohup: ignoring input
Running from: /usr/share/jenkins/jenkins.war
webroot: /var/jenkins_home/war
2026-03-31 15:16:24.092+0000 [id=1]	INFO	winstone.Logger#logInternal: Beginning extraction from war file
2026-03-31 15:16:24.623+0000 [id=1]	WARNING	o.e.j.ee9.nested.ContextHandler#setContextPath: Empty contextPath
2026-03-31 15:16:25.025+0000 [id=1]	INFO	org.eclipse.jetty.server.Server#doStart: jetty-12.1.5; built: 2025-12-03T22:18:24.732Z; git: 4905d09d7b6801e792d7b73946cf7b66e4be25d6; jvm 21.0.9+10-LTS
2026-03-31 15:16:28.975+0000 [id=1]	INFO	o.e.j.e.w.StandardDescriptorProcessor#visitServlet: NO JSP Support for /, did not find org.eclipse.jetty.ee9.jsp.JettyJspServlet
2026-03-31 15:16:29.767+0000 [id=1]	INFO	o.e.j.s.DefaultSessionIdManager#doStart: Session workerName=node0
2026-03-31 15:16:32.317+0000 [id=1]	INFO	hudson.WebAppMain#contextInitialized: Jenkins home directory: /var/jenkins_home found at: EnvVars.masterEnvVars.get("JENKINS_HOME")
2026-03-31 15:16:32.963+0000 [id=1]	INFO	o.e.j.s.handler.ContextHandler#doStart: Started oeje9n.ContextHandler$CoreContextHandler@6d91790b{Jenkins v2.541.3,/,b=file:///var/jenkins_home/war/,a=AVAILABLE,h=oeje9n.ContextHandler$CoreContextHandler$CoreToNestedHandler@6e6fce47{STARTED}}
2026-03-31 15:16:33.101+0000 [id=1]	INFO	o.e.j.server.AbstractConnector#doStart: Started oejs.ServerConnector@3a08b544{HTTP/1.1, (http/1.1)}{0.0.0.0:8080}
2026-03-31 15:16:33.123+0000 [id=1]	INFO	org.eclipse.jetty.server.Server#doStart: Started oejs.Server@56ccd751{STARTING}[12.1.5,sto=0] @8093ms
2026-03-31 15:16:33.147+0000 [id=31]	INFO	winstone.Logger#logInternal: Winstone Servlet Engine running: controlPort=disabled
2026-03-31 15:16:33.866+0000 [id=30]	INFO	jenkins.model.Jenkins#<init>: Starting version 2.541.3
2026-03-31 15:16:34.184+0000 [id=37]	INFO	jenkins.InitReactorRunner$1#onAttained: Started initialization
2026-03-31 15:16:35.402+0000 [id=39]	INFO	jenkins.InitReactorRunner$1#onAttained: Listed all plugins
2026-03-31 15:17:05.438+0000 [id=38]	INFO	jenkins.InitReactorRunner$1#onAttained: Prepared all plugins
2026-03-31 15:17:05.858+0000 [id=38]	INFO	jenkins.InitReactorRunner$1#onAttained: Started all plugins
2026-03-31 15:17:05.887+0000 [id=36]	INFO	jenkins.InitReactorRunner$1#onAttained: Augmented all extensions
2026-03-31 15:17:14.208+0000 [id=36]	INFO	h.p.b.g.GlobalTimeOutConfiguration#load: global timeout not set
2026-03-31 15:17:17.154+0000 [id=37]	INFO	jenkins.InitReactorRunner$1#onAttained: System config loaded
2026-03-31 15:17:17.249+0000 [id=37]	INFO	jenkins.InitReactorRunner$1#onAttained: System config adapted
2026-03-31 15:17:17.931+0000 [id=39]	INFO	jenkins.InitReactorRunner$1#onAttained: Loaded all jobs
2026-03-31 15:17:18.060+0000 [id=36]	INFO	jenkins.InitReactorRunner$1#onAttained: Configuration for all jobs updated
2026-03-31 15:17:18.493+0000 [id=38]	INFO	jenkins.InitReactorRunner$1#onAttained: Completed initialization
2026-03-31 15:17:19.315+0000 [id=30]	INFO	hudson.lifecycle.Lifecycle#onReady: Jenkins is fully up and running
2026-03-31 15:36:24.460+0000 [id=32]	INFO	winstone.Logger#logInternal: JVM is terminating. Shutting down Jetty
2026-03-31 15:36:24.484+0000 [id=32]	INFO	org.eclipse.jetty.server.Server#doStop: Stopped oejs.Server@56ccd751{STOPPING}[12.1.5,sto=0]
2026-03-31 15:36:24.497+0000 [id=32]	INFO	o.e.j.server.AbstractConnector#doStop: Stopped oejs.ServerConnector@3a08b544{HTTP/1.1, (http/1.1)}{0.0.0.0:8080}
2026-03-31 15:36:24.533+0000 [id=32]	INFO	hudson.lifecycle.Lifecycle#onStatusUpdate: Stopping Jenkins
2026-03-31 15:36:24.604+0000 [id=32]	INFO	jenkins.model.Jenkins$17#onAttained: Started termination
2026-03-31 15:36:24.649+0000 [id=32]	INFO	h.p.b.global.Lifecycle#shutdown: Shutdown complete - Global TimeOut ScheduledExecutorService had 0 tasks pending
2026-03-31 15:36:24.665+0000 [id=32]	INFO	jenkins.model.Jenkins$17#onAttained: Completed termination
2026-03-31 15:36:24.665+0000 [id=32]	INFO	jenkins.model.Jenkins#_cleanUpDisconnectComputers: Starting node disconnection
2026-03-31 15:36:24.739+0000 [id=32]	INFO	jenkins.model.Jenkins#_cleanUpShutdownPluginManager: Stopping plugin manager
2026-03-31 15:36:24.853+0000 [id=32]	INFO	jenkins.model.Jenkins#_cleanUpPersistQueue: Persisting build queue
2026-03-31 15:36:24.871+0000 [id=32]	INFO	jenkins.model.Jenkins#_cleanUpAwaitDisconnects: Waiting for node disconnection completion
2026-03-31 15:36:24.873+0000 [id=32]	INFO	hudson.lifecycle.Lifecycle#onStatusUpdate: Jenkins stopped
2026-03-31 15:36:24.927+0000 [id=31]	INFO	winstone.Logger#logInternal: Control thread shutdown successfully
2026-03-31 15:36:24.928+0000 [id=32]	INFO	winstone.Logger#logInternal: Jetty shutdown successfully
Running from: /usr/share/jenkins/jenkins.war
webroot: /var/jenkins_home/war
2026-03-31 15:37:34.070+0000 [id=1]	INFO	winstone.Logger#logInternal: Beginning extraction from war file
2026-03-31 15:37:34.352+0000 [id=1]	WARNING	o.e.j.ee9.nested.ContextHandler#setContextPath: Empty contextPath
2026-03-31 15:37:34.559+0000 [id=1]	INFO	org.eclipse.jetty.server.Server#doStart: jetty-12.1.5; built: 2025-12-03T22:18:24.732Z; git: 4905d09d7b6801e792d7b73946cf7b66e4be25d6; jvm 21.0.9+10-LTS
2026-03-31 15:37:36.162+0000 [id=1]	INFO	o.e.j.e.w.StandardDescriptorProcessor#visitServlet: NO JSP Support for /, did not find org.eclipse.jetty.ee9.jsp.JettyJspServlet
2026-03-31 15:37:36.393+0000 [id=1]	INFO	o.e.j.s.DefaultSessionIdManager#doStart: Session workerName=node0
2026-03-31 15:37:37.385+0000 [id=1]	INFO	hudson.WebAppMain#contextInitialized: Jenkins home directory: /var/jenkins_home found at: EnvVars.masterEnvVars.get("JENKINS_HOME")
2026-03-31 15:37:37.749+0000 [id=1]	INFO	o.e.j.s.handler.ContextHandler#doStart: Started oeje9n.ContextHandler$CoreContextHandler@773bd77b{Jenkins v2.541.3,/,b=file:///var/jenkins_home/war/,a=AVAILABLE,h=oeje9n.ContextHandler$CoreContextHandler$CoreToNestedHandler@6b580b88{STARTED}}
2026-03-31 15:37:37.794+0000 [id=1]	INFO	o.e.j.server.AbstractConnector#doStart: Started oejs.ServerConnector@5b3b0ad2{HTTP/1.1, (http/1.1)}{0.0.0.0:8080}
2026-03-31 15:37:37.803+0000 [id=1]	INFO	org.eclipse.jetty.server.Server#doStart: Started oejs.Server@5c20ffa8{STARTING}[12.1.5,sto=0] @3242ms
2026-03-31 15:37:37.812+0000 [id=31]	INFO	winstone.Logger#logInternal: Winstone Servlet Engine running: controlPort=disabled
2026-03-31 15:37:38.430+0000 [id=30]	INFO	jenkins.model.Jenkins#<init>: Starting version 2.541.3
2026-03-31 15:37:38.730+0000 [id=37]	INFO	jenkins.InitReactorRunner$1#onAttained: Started initialization
2026-03-31 15:37:39.788+0000 [id=37]	INFO	jenkins.InitReactorRunner$1#onAttained: Listed all plugins
2026-03-31 15:37:49.486+0000 [id=38]	INFO	jenkins.InitReactorRunner$1#onAttained: Prepared all plugins
2026-03-31 15:37:49.618+0000 [id=36]	INFO	jenkins.InitReactorRunner$1#onAttained: Started all plugins
2026-03-31 15:37:49.625+0000 [id=36]	INFO	jenkins.InitReactorRunner$1#onAttained: Augmented all extensions
2026-03-31 15:37:52.547+0000 [id=39]	INFO	h.p.b.g.GlobalTimeOutConfiguration#load: global timeout not set
2026-03-31 15:37:52.982+0000 [id=39]	INFO	jenkins.InitReactorRunner$1#onAttained: System config loaded
2026-03-31 15:37:52.983+0000 [id=39]	INFO	jenkins.InitReactorRunner$1#onAttained: System config adapted
2026-03-31 15:37:53.102+0000 [id=37]	INFO	jenkins.InitReactorRunner$1#onAttained: Loaded all jobs
2026-03-31 15:37:53.134+0000 [id=36]	INFO	jenkins.InitReactorRunner$1#onAttained: Configuration for all jobs updated
2026-03-31 15:37:53.242+0000 [id=38]	INFO	jenkins.InitReactorRunner$1#onAttained: Completed initialization
2026-03-31 15:37:53.379+0000 [id=30]	INFO	hudson.lifecycle.Lifecycle#onReady: Jenkins is fully up and running
